TN:
SF:C:/Users/vboxuser/Desktop/Repos/zklibreports/proof_harness/cat2_mantle_f4_challenge_binding/src/EchidnaF4ChallengeBindingHarness.sol
DA:7,87
DA:8,0
DA:10,0
DA:11,0
DA:12,0
DA:13,0
DA:14,0
DA:15,0
DA:17,0
DA:19,7
DA:20,43
DA:21,63
DA:22,63
DA:23,61
DA:25,21
DA:26,21
DA:27,21
DA:28,21
DA:29,21
DA:31,87
DA:32,87
DA:35,11
DA:36,13
DA:37,48
DA:38,20
DA:39,98
DA:40,21
DA:43,9
DA:44,14
DA:45,87
DA:48,9
DA:49,14
DA:50,86
DA:53,0
DA:54,0
DA:55,0
DA:58,0
DA:59,0
DA:60,0
end_of_record

SF:C:/Users/vboxuser/Desktop/Repos/zklibreports/proof_harness/cat2_mantle_f4_challenge_binding/src/MantleF4ChallengeBindingHarness.sol
DA:4,103
DA:22,0
DA:23,0
DA:24,0
DA:25,0
DA:27,3
DA:28,0
DA:29,0
DA:30,0
DA:32,23
DA:33,19
DA:34,8
DA:35,6
DA:39,22
DA:40,6
DA:43,25
DA:44,38
DA:45,115
DA:46,38
DA:50,74
DA:51,0
DA:56,39
DA:59,1
DA:61,15
DA:62,15
DA:64,6
DA:65,0
DA:67,8
DA:68,0
DA:70,7
DA:71,0
DA:73,18
DA:74,20
DA:75,0
DA:78,24
DA:79,24
DA:80,10
DA:82,31
DA:83,31
DA:84,5
DA:85,5
DA:88,33
DA:89,4
DA:90,40
DA:91,40
DA:93,163
DA:94,1
DA:95,1
DA:96,1
DA:97,1
DA:98,1
DA:99,1
DA:101,12
DA:104,28
DA:105,31
DA:106,31
DA:107,5
DA:109,9
DA:110,10
DA:111,0
DA:114,24
DA:115,1
DA:116,9
DA:117,0
DA:118,0
DA:120,3
DA:123,38
DA:124,40
DA:126,59
DA:127,78
DA:128,23
DA:131,3
DA:132,33
DA:133,19
DA:137,3
DA:138,5
DA:139,39
DA:140,0
DA:144,7
DA:145,33
DA:146,10
DA:147,0
DA:149,39
DA:150,0
DA:152,4
DA:156,48
DA:157,0
DA:159,31
DA:160,11
DA:163,23
DA:164,61
end_of_record

