TN:
SF:C:/Users/vboxuser/Desktop/Repos/zklibreports/proof_harness/cat2_taiko_f1_getbadge_boundary/src/EchidnaTaikoF1GetBadgeBoundaryHarness.sol
DA:7,0
DA:9,0
DA:10,0
DA:13,0
DA:14,0
DA:15,0
DA:16,0
DA:18,0
DA:22,0
DA:23,0
DA:24,0
DA:27,0
DA:28,0
DA:30,0
FN:8,action_mint
FNDA:0,action_mint
FN:13,echidna_unminted_token_must_revert
FNDA:0,echidna_unminted_token_must_revert
FN:22,echidna_first_minted_token_must_be_readable
FNDA:0,echidna_first_minted_token_must_be_readable
end_of_record
SF:C:/Users/vboxuser/Desktop/Repos/zklibreports/proof_harness/cat2_taiko_f1_getbadge_boundary/src/MedusaTaikoF1GetBadgeBoundaryHarness.sol
DA:7,1
DA:9,0
DA:10,0
DA:13,0
DA:14,0
DA:15,0
DA:16,0
DA:18,0
DA:22,0
DA:23,0
DA:24,0
DA:27,0
DA:28,0
DA:30,0
FN:8,action_mint
FNDA:0,action_mint
FN:13,property_unminted_token_must_revert
FNDA:0,property_unminted_token_must_revert
FN:22,property_first_minted_token_must_be_readable
FNDA:0,property_first_minted_token_must_be_readable
end_of_record
SF:C:/Users/vboxuser/Desktop/Repos/zklibreports/proof_harness/cat2_taiko_f1_getbadge_boundary/src/TaikoF1GetBadgeBoundaryHarness.sol
DA:5,0
DA:34,2
DA:35,2
DA:36,2
DA:37,2
DA:38,2
DA:39,2
DA:43,0
DA:44,0
DA:47,0
DA:49,0
DA:50,0
DA:52,0
FN:34,mintMock
FNDA:1,mintMock
FN:43,totalSupply
FNDA:0,totalSupply
FN:47,getBadge
FNDA:0,getBadge
end_of_record
