TN:
SF:C:/Users/vboxuser/Desktop/Repos/zklibreports/proof_harness/cat1_wormhole_f3_outbound_sender_tax_insolvency/src/MedusaOutboundSenderTaxHarness.sol
DA:12,1
DA:13,25937
DA:15,0
DA:16,0
DA:17,0
DA:18,0
DA:20,0
DA:21,0
DA:24,1
DA:25,1
DA:28,1
DA:29,1
DA:31,1
DA:32,1
DA:34,1
DA:35,1
DA:38,25937
DA:39,25937
DA:43,15628
DA:44,15628
DA:45,15628
DA:49,15043
DA:50,15043
DA:51,10212
DA:52,10212
DA:53,10212
DA:54,10212
DA:58,70
DA:59,70
DA:60,70
DA:64,111
DA:65,111
DA:66,27
DA:67,27
DA:68,27
DA:69,27
DA:73,25840
DA:74,25840
DA:75,25840
DA:79,97
DA:80,97
DA:81,97
DA:88,0
DA:90,0
DA:97,0
DA:99,0
DA:106,0
DA:108,0
FN:38,_step
FNDA:1,_step
FN:42,action_seedBug
FNDA:1,action_seedBug
FN:48,action_redeemBug
FNDA:1,action_redeemBug
FN:57,action_seedFixed
FNDA:1,action_seedFixed
FN:63,action_redeemFixed
FNDA:1,action_redeemFixed
FN:72,_refreshBugSolvencyFlag
FNDA:1,_refreshBugSolvencyFlag
FN:78,_refreshFixedSolvencyFlag
FNDA:1,_refreshFixedSolvencyFlag
FN:85,property_bug_collateral_covers_outstanding
FNDA:0,property_bug_collateral_covers_outstanding
FN:94,property_fixed_collateral_covers_outstanding
FNDA:0,property_fixed_collateral_covers_outstanding
FN:103,echidna_bug_collateral_covers_outstanding
FNDA:0,echidna_bug_collateral_covers_outstanding
end_of_record
SF:C:/Users/vboxuser/Desktop/Repos/zklibreports/proof_harness/cat1_wormhole_f3_outbound_sender_tax_insolvency/src/OutboundSenderTaxHarness.sol
DA:13,0
DA:14,0
DA:15,0
DA:17,0
DA:18,0
DA:19,0
DA:21,57373
DA:22,0
DA:25,2
DA:26,2
DA:27,2
DA:28,2
DA:29,2
DA:30,2
DA:34,2
DA:37,2
DA:38,2
DA:39,2
DA:42,10239
DA:43,10239
DA:44,8985
DA:49,15698
DA:51,15698
DA:52,15698
DA:53,15698
DA:55,15698
DA:58,15698
DA:59,15698
DA:63,25937
DA:64,25937
DA:65,10239
DA:68,25937
DA:69,25937
DA:70,25937
DA:72,24683
DA:75,24683
DA:76,24683
DA:77,8985
DA:84,1
DA:85,40883
DA:89,15628
DA:91,15628
DA:93,15628
DA:96,15628
DA:97,15628
DA:98,15628
DA:102,10212
DA:104,10212
DA:106,10212
DA:109,0
DA:110,0
DA:116,1
DA:117,208
DA:121,70
DA:123,70
DA:125,70
DA:128,70
DA:129,70
DA:130,70
DA:134,27
DA:136,27
DA:137,27
DA:138,13
DA:140,13
DA:141,13
DA:144,0
DA:148,0
DA:149,0
FN:33,mint
FNDA:1,mint
FN:37,approve
FNDA:1,approve
FN:42,transfer
FNDA:1,transfer
FN:47,transferFrom
FNDA:1,transferFrom
FN:62,_move
FNDA:1,_move
FN:87,depositAndBridgeOut
FNDA:1,depositAndBridgeOut
FN:101,completeTransfer
FNDA:1,completeTransfer
FN:109,collateral
FNDA:0,collateral
FN:119,depositAndBridgeOut
FNDA:1,depositAndBridgeOut
FN:133,completeTransfer
FNDA:1,completeTransfer
FN:148,collateral
FNDA:0,collateral
end_of_record
