TN:
SF:C:/Users/vboxuser/Desktop/Repos/zklibreports/proof_harness/cat2_mantle_f3_operator_gate/src/MantleF3Harness.sol
DA:10,1
DA:16,0
DA:17,0
DA:18,0
DA:21,29968
DA:22,29968
DA:26,14980
DA:27,14980
DA:28,14980
DA:29,14980
DA:33,10033
DA:34,10024
DA:40,9
DA:41,9
DA:42,9
DA:43,0
DA:46,9
DA:47,9
DA:48,0
DA:51,9
DA:54,9
DA:55,9
DA:56,9
DA:57,0
DA:59,9
DA:60,0
DA:62,9
DA:68,0
DA:69,0
DA:70,0
DA:71,0
DA:74,10033
DA:75,10033
DA:76,9
DA:80,14980
DA:81,14980
DA:82,14980
DA:87,14980
DA:91,10033
DA:93,10033
DA:94,0
DA:95,0
DA:96,0
DA:98,0
DA:101,10033
DA:105,1
DA:107,10033
FN:20,register
FNDA:1,register
FN:25,pairChallenge
FNDA:1,pairChallenge
FN:39,completeChallenge
FNDA:1,completeChallenge
FN:54,_getChallenge
FNDA:1,_getChallenge
FN:86,setWinner
FNDA:1,setWinner
FN:90,completeChallenge
FNDA:1,completeChallenge
FN:106,callComplete
FNDA:1,callComplete
end_of_record
SF:C:/Users/vboxuser/Desktop/Repos/zklibreports/proof_harness/cat2_mantle_f3_operator_gate/src/MedusaF3OperatorGateHarness.sol
DA:11,0
DA:12,0
DA:13,0
DA:15,0
DA:16,0
DA:17,0
DA:18,0
DA:19,0
DA:21,0
DA:22,0
DA:23,0
DA:24,0
DA:27,1
DA:28,1
DA:30,1
DA:31,1
DA:32,1
DA:33,1
DA:34,1
DA:38,15003
DA:39,15003
DA:42,14980
DA:43,14980
DA:45,14980
DA:46,14980
DA:47,14980
DA:48,14980
DA:52,59
DA:53,59
DA:55,8
DA:56,8
DA:60,15092
DA:61,15092
DA:64,10033
DA:65,10033
DA:66,9
DA:68,10024
DA:74,0
DA:75,0
DA:76,0
DA:78,0
FN:37,action_setup
FNDA:1,action_setup
FN:51,action_register_challenge_as_operator
FNDA:1,action_register_challenge_as_operator
FN:59,action_attempt_settlement
FNDA:1,action_attempt_settlement
FN:74,property_settlement_progresses_without_hidden_registration
FNDA:0,property_settlement_progresses_without_hidden_registration
end_of_record
