TN:
SF:C:/Users/vboxuser/Desktop/Repos/zklibreports/proof_harness/cat1_nomad_f1_stale_replica/src/MedusaTokenRegistryMigrateHarness.sol
DA:1,0
DA:15,128
DA:16,8
DA:17,2
DA:19,0
DA:20,0
DA:21,0
DA:22,0
DA:23,0
DA:24,0
DA:25,0
DA:27,0
DA:28,0
DA:29,0
DA:30,0
DA:31,0
DA:32,0
DA:33,0
DA:35,0
DA:36,0
DA:37,0
DA:38,0
DA:40,0
DA:41,0
DA:42,0
DA:44,0
DA:45,0
DA:47,8
DA:48,49
DA:49,49
DA:50,59
DA:51,60
DA:52,72
DA:53,72
DA:55,49
DA:56,49
DA:57,49
DA:58,11
DA:60,49
DA:61,11
DA:63,72
DA:64,72
DA:66,43
DA:67,43
DA:68,43
DA:69,43
DA:71,24
DA:72,24
DA:73,24
DA:74,24
DA:76,60
DA:77,60
DA:79,4
DA:80,74
DA:81,74
DA:82,74
DA:83,74
DA:85,64
DA:86,64
DA:87,90
DA:88,90
DA:91,6
DA:92,7
DA:95,6
DA:96,17
DA:99,26
DA:100,10
DA:101,79
DA:102,79
DA:104,84
DA:105,3
DA:106,78
DA:107,10
DA:110,65
DA:111,62
DA:112,13
DA:115,62
DA:116,76
DA:118,79
DA:119,79
DA:120,30
DA:121,21
DA:126,26
DA:127,10
DA:128,79
DA:129,79
DA:131,81
DA:132,20
DA:133,96
DA:134,2
DA:136,20
DA:137,0
DA:138,0
DA:142,63
DA:143,13
DA:148,21
DA:149,5
DA:150,62
DA:152,2
DA:153,11
DA:156,0
DA:157,0
DA:159,21
DA:162,77
DA:163,4
DA:164,64
DA:165,13
DA:167,2
DA:168,79
DA:169,79
DA:170,17
DA:171,0
DA:174,0
DA:177,0
DA:183,0
DA:186,0
DA:188,0
DA:192,0
DA:195,0
DA:197,0
DA:198,0
DA:199,0
DA:203,0
DA:206,0
DA:208,0
end_of_record

SF:C:/Users/vboxuser/Desktop/Repos/zklibreports/proof_harness/cat1_nomad_f1_stale_replica/src/TokenRegistryAliasSwapHarness.sol
DA:16,87
DA:17,0
DA:18,0
DA:19,0
DA:21,51
DA:22,0
DA:24,23
DA:25,36
DA:28,0
DA:29,0
DA:30,0
DA:32,0
DA:36,40
DA:37,40
DA:38,3
DA:41,40
DA:42,22
DA:43,7
DA:45,25
DA:47,36
DA:48,4
DA:51,40
DA:53,1
DA:55,39
DA:56,7
DA:57,22
DA:58,7
DA:60,42
DA:61,25
DA:63,36
DA:64,5
DA:69,84
DA:70,0
DA:72,51
DA:73,0
DA:75,31
DA:76,11
DA:80,20
DA:84,23
DA:85,36
DA:88,24
DA:89,22
DA:90,7
DA:92,25
DA:96,0
DA:97,0
DA:98,0
DA:101,0
DA:102,0
DA:103,0
DA:105,0
DA:107,0
DA:108,0
DA:111,0
DA:113,0
DA:115,0
DA:116,0
DA:117,0
DA:118,0
DA:120,0
DA:121,0
DA:123,0
DA:124,0
DA:134,0
DA:136,0
DA:137,0
DA:139,1
DA:140,11
DA:143,6
DA:146,1
DA:148,33
DA:151,5
DA:156,72
DA:157,1
DA:158,1
DA:162,5
DA:167,39
DA:174,39
DA:177,1
DA:179,31
DA:182,6
DA:185,1
DA:187,13
DA:188,5
DA:190,8
DA:194,39
DA:196,1
DA:198,8
DA:199,11
DA:200,10
DA:201,3
DA:202,30
DA:203,3
DA:204,7
DA:205,7
DA:209,39
DA:212,2
DA:213,1
DA:214,41
DA:215,18
DA:216,14
DA:217,3
DA:218,7
DA:220,6
DA:221,6
DA:225,38
DA:228,1
DA:229,1
DA:230,41
DA:231,18
DA:232,11
DA:233,14
DA:236,40
DA:237,42
DA:238,1
DA:240,4
DA:242,7
DA:247,104
DA:248,32
DA:250,24
DA:254,7
DA:255,7
DA:260,104
DA:261,32
DA:263,24
DA:266,1
DA:267,41
DA:268,18
DA:269,11
DA:270,21
DA:271,22
DA:275,7
DA:276,7
DA:281,0
DA:282,0
DA:283,0
DA:285,0
DA:287,1
DA:288,11
DA:291,22
DA:292,21
DA:295,23
DA:296,54
DA:297,36
DA:300,26
DA:301,6
DA:302,19
DA:304,73
DA:305,3
DA:306,68
DA:307,3
DA:311,36
DA:313,54
DA:316,72
DA:317,67
DA:320,25
DA:325,1
DA:326,19
DA:327,72
DA:328,74
DA:329,22
DA:330,7
DA:332,25
DA:334,3
DA:335,69
DA:339,54
end_of_record

SF:C:/Users/vboxuser/Desktop/Repos/zklibreports/proof_harness/cat1_nomad_f1_stale_replica/src/TokenRegistryMigrateAliasHarness.sol
DA:11,104
DA:12,32
DA:14,25
DA:15,69
DA:16,10
DA:18,4
DA:19,69
DA:20,54
DA:21,54
end_of_record

