TN:
SF:C:/Users/vboxuser/Desktop/Repos/zklibreports/proof_harness/cat1_wormhole_f1_metadata_dos/src/BridgeMetadataCompatHarness.sol
DA:5,1
DA:6,0
DA:7,0
DA:10,1
DA:13,0
DA:14,0
DA:15,0
DA:18,0
DA:19,0
DA:20,0
DA:22,0
DA:24,0
DA:25,0
DA:30,0
DA:32,0
DA:33,0
DA:34,0
DA:35,0
DA:37,0
DA:38,0
DA:40,0
DA:41,0
DA:46,1
DA:47,28
DA:48,28
DA:51,14
DA:52,14
DA:55,14
DA:56,14
DA:62,1
DA:66,14
DA:68,14
DA:69,14
DA:70,14
DA:71,14
DA:72,14
DA:73,14
DA:75,14
DA:76,7
DA:77,7
DA:80,7
DA:81,7
DA:88,18
DA:90,18
DA:91,18
DA:92,18
DA:93,7
DA:99,7
DA:101,7
DA:102,7
DA:104,0
DA:110,7
DA:112,7
DA:113,7
DA:115,0
DA:121,1
DA:122,4
DA:127,11
DA:129,11
DA:130,11
DA:131,11
DA:137,11
DA:139,11
DA:140,11
DA:143,22
DA:144,22
DA:145,22
DA:146,22
DA:147,14
DA:150,11
DA:151,11
DA:152,11
DA:153,11
DA:154,7
DA:156,7
DA:159,0
DA:163,11
DA:164,11
DA:165,11
DA:166,11
DA:167,7
DA:169,7
DA:172,0
DA:176,14
DA:177,14
DA:183,11
DA:185,11
DA:186,11
DA:188,0
DA:194,11
DA:196,11
DA:197,11
DA:199,0
FN:9,mint
FNDA:1,mint
FN:13,approve
FNDA:0,approve
FN:18,transfer
FNDA:0,transfer
FN:28,transferFrom
FNDA:0,transferFrom
FN:47,decimals
FNDA:1,decimals
FN:51,symbol
FNDA:1,symbol
FN:55,name
FNDA:1,name
FN:63,attestToken
FNDA:1,attestToken
FN:85,transferTokens
FNDA:1,transferTokens
FN:96,_normalize
FNDA:1,_normalize
FN:107,_deNormalize
FNDA:1,_deNormalize
FN:124,attestToken
FNDA:1,attestToken
FN:134,transferTokens
FNDA:1,transferTokens
FN:143,_safeDecimals
FNDA:1,_safeDecimals
FN:150,_safeSymbol
FNDA:1,_safeSymbol
FN:163,_safeName
FNDA:1,_safeName
FN:176,decodeString
FNDA:1,decodeString
FN:180,_normalize
FNDA:1,_normalize
FN:191,_deNormalize
FNDA:1,_deNormalize
end_of_record
SF:C:/Users/vboxuser/Desktop/Repos/zklibreports/proof_harness/cat1_wormhole_f1_metadata_dos/src/MedusaBridgeMetadataCompatHarness.sol
DA:13,0
DA:14,0
DA:15,0
DA:16,0
DA:18,0
DA:19,0
DA:20,0
DA:23,1
DA:24,1
DA:25,1
DA:26,1
DA:27,1
DA:28,1
DA:31,22
DA:32,22
DA:36,7
DA:39,7
DA:44,11
DA:45,11
DA:48,11
DA:53,4
DA:54,4
DA:55,4
DA:58,0
DA:61,0
DA:66,7
DA:68,7
DA:69,7
DA:71,7
DA:72,7
DA:80,0
DA:82,0
DA:89,0
DA:91,0
DA:98,0
DA:100,0
DA:107,0
DA:109,0
FN:31,_amount
FNDA:1,_amount
FN:35,action_probeBugAttestNoMetadata
FNDA:1,action_probeBugAttestNoMetadata
FN:43,action_probeBugTransferNoMetadata
FNDA:1,action_probeBugTransferNoMetadata
FN:52,action_probeFixedNoMetadata
FNDA:1,action_probeFixedNoMetadata
FN:65,action_probeBugAndFixedWithMetadata
FNDA:1,action_probeBugAndFixedWithMetadata
FN:77,property_nonstandard_token_attest_should_not_fail
FNDA:0,property_nonstandard_token_attest_should_not_fail
FN:86,property_nonstandard_token_transfer_should_not_fail
FNDA:0,property_nonstandard_token_transfer_should_not_fail
FN:95,property_fixed_model_tolerates_missing_metadata
FNDA:0,property_fixed_model_tolerates_missing_metadata
FN:104,echidna_nonstandard_token_attest_should_not_fail
FNDA:0,echidna_nonstandard_token_attest_should_not_fail
end_of_record
