TN:
SF:C:/Users/vboxuser/Desktop/Repos/zklibreports/proof_harness/cat1_nomad_f1_stale_replica/src/BridgePrefillDustDrainHarness.sol
DA:1,0
DA:14,57
DA:15,0
DA:16,0
DA:17,0
DA:19,0
DA:20,0
DA:22,0
DA:23,0
DA:26,0
DA:27,0
DA:28,0
DA:31,0
DA:32,0
DA:33,0
DA:35,0
DA:37,0
DA:38,0
DA:41,40
DA:43,1
DA:45,39
DA:46,7
DA:47,22
DA:48,7
DA:50,42
DA:51,25
DA:53,36
DA:54,5
DA:59,17
DA:64,53
DA:65,0
DA:66,0
DA:68,31
DA:69,11
DA:72,0
DA:75,0
DA:76,0
DA:79,39
DA:82,1
DA:84,12
DA:85,5
DA:87,0
DA:88,0
DA:91,10
DA:96,94
DA:97,1
DA:98,1
DA:99,28
DA:101,0
DA:102,0
DA:103,0
DA:104,51
DA:106,31
DA:107,11
DA:110,22
DA:111,19
DA:114,28
DA:122,3
DA:123,4
DA:125,7
DA:126,1
DA:127,1
DA:128,1
DA:129,1
DA:130,1
DA:131,1
DA:132,1
DA:134,33
DA:135,34
DA:137,71
DA:138,8
DA:139,3
DA:140,71
DA:143,5
DA:146,11
DA:154,1
DA:155,2
DA:156,6
DA:157,28
DA:158,1
DA:159,1
DA:160,1
DA:161,1
DA:162,1
DA:163,1
DA:164,1
DA:169,5
DA:172,1
DA:174,15
DA:177,3
DA:178,34
DA:179,18
DA:180,35
DA:186,84
DA:187,0
DA:188,0
DA:189,0
DA:191,0
DA:192,0
DA:193,0
DA:194,0
DA:195,0
DA:197,31
DA:198,11
DA:201,22
DA:202,19
DA:205,0
DA:213,0
DA:214,0
DA:215,0
DA:216,0
DA:217,0
DA:218,0
DA:219,0
DA:220,0
DA:221,0
DA:223,0
DA:226,18
DA:234,0
DA:235,4
DA:236,24
DA:238,0
DA:239,0
DA:240,0
DA:241,0
DA:242,0
DA:243,0
DA:244,0
DA:245,0
DA:247,0
DA:248,0
DA:249,0
DA:250,0
DA:252,0
DA:253,0
DA:254,0
DA:255,0
DA:258,0
DA:261,0
DA:269,0
DA:270,0
DA:271,0
DA:272,0
DA:273,0
DA:274,0
DA:275,0
DA:276,0
DA:277,0
DA:278,0
DA:279,0
DA:284,0
DA:287,0
DA:289,0
DA:292,0
DA:293,0
DA:294,0
DA:295,0
end_of_record

SF:C:/Users/vboxuser/Desktop/Repos/zklibreports/proof_harness/cat1_nomad_f1_stale_replica/src/MedusaBridgePrefillDustHarness.sol
DA:13,94
DA:14,4
DA:15,2
DA:17,0
DA:18,0
DA:19,0
DA:20,0
DA:21,0
DA:22,0
DA:24,0
DA:25,0
DA:27,7
DA:28,49
DA:29,49
DA:30,59
DA:31,49
DA:32,11
DA:34,43
DA:35,43
DA:36,62
DA:37,62
DA:40,6
DA:41,7
DA:44,23
DA:45,26
DA:46,4
DA:47,68
DA:49,1
DA:51,15
DA:52,1
DA:53,1
DA:54,1
DA:57,3
DA:58,146
DA:60,21
DA:65,23
DA:66,26
DA:67,4
DA:68,66
DA:70,1
DA:72,15
DA:73,1
DA:74,1
DA:75,1
DA:78,0
DA:79,0
DA:80,0
DA:82,0
DA:88,0
DA:91,0
DA:93,0
DA:97,0
DA:100,0
DA:102,0
DA:106,0
DA:109,0
DA:111,0
end_of_record

