TN:
SF:C:/Users/vboxuser/Desktop/Repos/zklibreports/proof_harness/cat1_wormhole_f3_outbound_sender_tax_insolvency/src/MedusaOutboundSenderTaxHarness.sol
DA:1,0
DA:11,105
DA:12,2
DA:13,1
DA:15,0
DA:16,0
DA:17,0
DA:18,0
DA:20,0
DA:21,0
DA:23,7
DA:24,43
DA:25,43
DA:28,63
DA:29,64
DA:31,63
DA:32,63
DA:34,89
DA:35,90
DA:38,6
DA:39,16
DA:42,23
DA:43,10
DA:44,96
DA:45,4
DA:48,25
DA:49,89
DA:50,9
DA:51,10
DA:52,10
DA:53,77
DA:54,4
DA:57,23
DA:58,10
DA:59,97
DA:60,4
DA:63,25
DA:64,89
DA:65,9
DA:66,10
DA:67,10
DA:68,76
DA:69,4
DA:72,4
DA:73,88
DA:74,89
DA:75,28
DA:78,4
DA:79,89
DA:80,89
DA:81,7
DA:85,0
DA:88,0
DA:90,0
DA:94,0
DA:97,0
DA:99,0
DA:103,0
DA:106,0
DA:108,0
end_of_record

SF:C:/Users/vboxuser/Desktop/Repos/zklibreports/proof_harness/cat1_wormhole_f3_outbound_sender_tax_insolvency/src/OutboundSenderTaxHarness.sol
DA:12,116
DA:13,0
DA:14,0
DA:15,0
DA:17,0
DA:18,0
DA:19,0
DA:21,51
DA:22,0
DA:24,33
DA:25,10
DA:26,10
DA:27,9
DA:28,11
DA:29,11
DA:30,11
DA:33,23
DA:34,36
DA:37,40
DA:38,40
DA:39,3
DA:42,40
DA:43,7
DA:44,3
DA:47,40
DA:49,1
DA:51,11
DA:52,39
DA:53,7
DA:55,42
DA:58,7
DA:59,3
DA:62,8
DA:63,1
DA:64,22
DA:65,19
DA:68,11
DA:69,22
DA:70,26
DA:72,25
DA:75,36
DA:76,7
DA:77,36
DA:84,56
DA:85,51
DA:87,40
DA:89,1
DA:90,2
DA:91,69
DA:92,3
DA:93,71
DA:96,69
DA:97,10
DA:98,36
DA:101,24
DA:102,25
DA:104,31
DA:106,79
DA:109,0
DA:110,0
DA:116,56
DA:117,51
DA:119,40
DA:121,1
DA:122,2
DA:123,69
DA:124,3
DA:125,71
DA:128,69
DA:129,10
DA:130,36
DA:133,18
DA:134,25
DA:136,69
DA:137,79
DA:138,69
DA:140,7
DA:141,31
DA:144,0
DA:148,0
DA:149,0
end_of_record

