TN:
SF:C:/Users/vboxuser/Desktop/Repos/zklibreports/proof_harness/cat2_optimism_f1_protocol_versions_init_hijack/src/EchidnaOptimismF1ProtocolVersionsInitHijackHarness.sol
DA:1,0
DA:12,64
DA:13,0
DA:14,0
DA:15,0
DA:17,0
DA:19,8
DA:20,21
DA:22,26
DA:23,50
DA:24,61
DA:25,30
DA:26,43
DA:29,8
DA:30,89
DA:33,0
DA:34,0
end_of_record

SF:C:/Users/vboxuser/Desktop/Repos/zklibreports/proof_harness/cat2_optimism_f1_protocol_versions_init_hijack/src/OptimismF1ProtocolVersionsInitHijackHarness.sol
DA:14,43
DA:16,24
DA:17,24
DA:22,31
DA:23,3
DA:24,1
DA:25,3
DA:29,4
DA:30,3
DA:31,1
DA:32,4
DA:36,4
DA:37,3
DA:38,1
DA:39,4
DA:43,29
DA:44,13
DA:45,3
DA:46,1
DA:47,3
DA:52,3
DA:57,1
DA:58,7
DA:59,10
DA:61,4
DA:62,7
DA:63,4
DA:64,1
DA:65,9
DA:66,3
DA:73,44
DA:83,7
DA:85,21
DA:88,24
DA:89,28
DA:90,10
DA:91,21
DA:92,21
DA:93,6
DA:94,6
DA:97,0
DA:98,0
DA:101,0
DA:102,0
DA:105,0
DA:106,0
DA:109,0
DA:110,0
DA:111,0
DA:114,0
DA:115,0
DA:116,0
DA:121,41
DA:122,25
DA:123,63
DA:126,0
DA:127,0
end_of_record

