TN:
SF:C:/Users/vboxuser/Desktop/Repos/zklibreports/proof_harness/cat1_wormhole_h2_reentrancy_replay_guard/src/MedusaReentrancyReplayHarness.sol
DA:1,0
DA:11,129
DA:12,2
DA:13,1
DA:15,33
DA:16,34
DA:17,34
DA:18,34
DA:20,25
DA:21,0
DA:22,35
DA:24,7
DA:25,43
DA:26,43
DA:27,59
DA:28,60
DA:30,63
DA:31,63
DA:33,89
DA:34,90
DA:37,6
DA:38,16
DA:41,7
DA:42,19
DA:43,36
DA:46,24
DA:47,10
DA:48,82
DA:50,27
DA:51,77
DA:52,64
DA:54,63
DA:55,81
DA:56,21
DA:60,24
DA:61,10
DA:62,83
DA:64,27
DA:65,78
DA:66,64
DA:68,64
DA:69,82
DA:70,0
DA:75,24
DA:78,1
DA:80,14
DA:84,0
DA:87,0
DA:89,0
DA:93,0
DA:96,0
DA:98,0
end_of_record

SF:C:/Users/vboxuser/Desktop/Repos/zklibreports/proof_harness/cat1_wormhole_h2_reentrancy_replay_guard/src/ReentrancyReplayHarness.sol
DA:22,106
DA:23,0
DA:24,0
DA:25,0
DA:27,0
DA:29,0
DA:30,0
DA:32,0
DA:33,0
DA:34,0
DA:36,31
DA:37,10
DA:38,11
DA:41,23
DA:42,36
DA:45,40
DA:46,40
DA:47,3
DA:50,23
DA:51,6
DA:52,21
DA:53,21
DA:56,40
DA:57,7
DA:58,3
DA:61,40
DA:63,1
DA:65,11
DA:66,39
DA:67,7
DA:69,42
DA:72,7
DA:73,3
DA:76,6
DA:77,22
DA:78,7
DA:80,25
DA:82,36
DA:84,46
DA:85,21
DA:87,55
DA:94,67
DA:95,0
DA:96,0
DA:97,51
DA:98,0
DA:100,24
DA:101,74
DA:102,36
DA:105,25
DA:111,132
DA:112,1
DA:113,1
DA:114,1
DA:115,1
DA:119,23
DA:120,97
DA:121,7
DA:122,28
DA:123,31
DA:125,81
DA:127,34
DA:129,37
DA:131,32
DA:137,67
DA:138,0
DA:139,0
DA:140,51
DA:141,0
DA:143,24
DA:144,74
DA:145,36
DA:148,25
DA:154,132
DA:155,1
DA:156,1
DA:157,1
DA:158,1
DA:162,23
DA:163,97
DA:164,7
DA:165,47
DA:166,34
DA:167,31
DA:169,37
DA:172,81
DA:173,32
end_of_record

