TN:
SF:C:/Users/vboxuser/Desktop/Repos/zklibreports/proof_harness/cat2_mantle_f4_challenge_binding/src/EchidnaF4ChallengeBindingHarness.sol
DA:8,0
DA:10,0
DA:11,0
DA:12,0
DA:13,0
DA:14,0
DA:15,0
DA:17,0
DA:20,0
DA:21,0
DA:22,0
DA:23,0
DA:25,0
DA:26,0
DA:27,0
DA:28,0
DA:29,0
DA:31,0
DA:32,0
DA:36,0
DA:37,0
DA:38,0
DA:39,0
DA:40,0
DA:44,0
DA:45,0
DA:49,0
DA:50,0
DA:53,0
DA:54,0
DA:55,0
DA:58,0
DA:59,0
DA:60,0
FN:35,action_open_mismatched_challenge
FNDA:0,action_open_mismatched_challenge
FN:43,action_register_challenge_operator
FNDA:0,action_register_challenge_operator
FN:48,action_settle
FNDA:0,action_settle
FN:53,echidna_victim_not_forced_into_unrelated_challenge
FNDA:0,echidna_victim_not_forced_into_unrelated_challenge
FN:58,echidna_victim_not_slashed_by_unrelated_assertions
FNDA:0,echidna_victim_not_slashed_by_unrelated_assertions
end_of_record
SF:C:/Users/vboxuser/Desktop/Repos/zklibreports/proof_harness/cat2_mantle_f4_challenge_binding/src/MantleF4ChallengeBindingHarness.sol
DA:22,0
DA:23,0
DA:24,0
DA:25,0
DA:27,1
DA:28,0
DA:29,0
DA:30,0
DA:33,2
DA:34,2
DA:35,2
DA:40,1
DA:44,2
DA:45,2
DA:46,2
DA:50,1
DA:51,0
DA:59,1
DA:61,1
DA:62,1
DA:64,1
DA:65,0
DA:67,1
DA:68,0
DA:70,1
DA:71,0
DA:73,1
DA:74,1
DA:75,0
DA:78,1
DA:79,1
DA:80,1
DA:82,1
DA:83,1
DA:84,1
DA:85,1
DA:88,1
DA:89,1
DA:90,1
DA:91,1
DA:93,1
DA:94,1
DA:95,1
DA:96,1
DA:97,1
DA:98,1
DA:99,1
DA:101,1
DA:105,0
DA:106,0
DA:107,0
DA:109,0
DA:110,0
DA:111,0
DA:114,0
DA:115,0
DA:116,0
DA:117,0
DA:118,0
DA:120,0
DA:123,0
DA:124,0
DA:126,0
DA:127,0
DA:128,0
DA:132,2
DA:133,0
DA:138,2
DA:139,2
DA:140,0
DA:144,0
DA:145,0
DA:146,0
DA:147,0
DA:149,0
DA:150,0
DA:152,0
DA:157,0
DA:160,1
DA:164,0
FN:32,seedAssertion
FNDA:1,seedAssertion
FN:39,setLastConfirmedAssertionID
FNDA:1,setLastConfirmedAssertionID
FN:43,seedStaker
FNDA:1,seedStaker
FN:56,challengeAssertion
FNDA:1,challengeAssertion
FN:104,completeChallenge
FNDA:0,completeChallenge
FN:131,_requireStaked
FNDA:1,_requireStaked
FN:137,_requireUnchallengedStaker
FNDA:1,_requireUnchallengedStaker
FN:144,_getChallenge
FNDA:0,_getChallenge
FN:163,settle
FNDA:0,settle
end_of_record
SF:C:/Users/vboxuser/Desktop/Repos/zklibreports/proof_harness/cat2_mantle_f4_challenge_binding/src/MedusaF4ChallengeBindingHarness.sol
DA:8,0
DA:10,0
DA:11,0
DA:12,0
DA:13,0
DA:14,0
DA:15,0
DA:17,0
DA:18,0
DA:21,1
DA:22,1
DA:23,1
DA:24,1
DA:26,1
DA:27,1
DA:28,1
DA:29,1
DA:30,1
DA:32,1
DA:33,1
DA:37,1
DA:38,1
DA:40,1
DA:41,1
DA:42,1
DA:43,1
DA:47,0
DA:48,0
DA:50,0
DA:54,2
DA:55,2
DA:57,0
DA:58,0
DA:63,0
DA:64,0
DA:65,0
DA:69,0
DA:70,0
DA:71,0
FN:36,action_open_mismatched_challenge
FNDA:1,action_open_mismatched_challenge
FN:46,action_register_challenge_as_operator
FNDA:0,action_register_challenge_as_operator
FN:53,action_settle
FNDA:1,action_settle
FN:63,property_victim_not_forced_into_unrelated_challenge
FNDA:0,property_victim_not_forced_into_unrelated_challenge
FN:69,property_victim_not_slashed_by_unrelated_assertions
FNDA:0,property_victim_not_slashed_by_unrelated_assertions
end_of_record
