TN:
SF:C:/Users/vboxuser/Desktop/Repos/zklibreports/proof_harness/cat2_era_contracts_f1_chain_registrar_init_hijack/src/EchidnaEraContractsF1ChainRegistrarInitHijackHarness.sol
DA:14,0
DA:15,0
DA:16,0
DA:17,0
DA:19,0
DA:22,0
DA:24,0
DA:25,0
DA:26,0
DA:27,0
DA:28,0
DA:30,0
DA:31,0
DA:32,0
DA:36,0
DA:40,0
DA:41,0
DA:43,0
DA:47,0
DA:50,0
DA:51,0
FN:35,action_attacker_initialize
FNDA:0,action_attacker_initialize
FN:39,action_attacker_change_deployer
FNDA:0,action_attacker_change_deployer
FN:46,action_victim_propose_non_eth
FNDA:0,action_victim_propose_non_eth
FN:50,echidna_attacker_cannot_receive_proposer_topup
FNDA:0,echidna_attacker_cannot_receive_proposer_topup
end_of_record
SF:C:/Users/vboxuser/Desktop/Repos/zklibreports/proof_harness/cat2_era_contracts_f1_chain_registrar_init_hijack/src/EraContractsF1ChainRegistrarInitHijackHarness.sol
DA:26,63696
DA:27,1
DA:33,1
DA:35,1
DA:39,1
DA:40,1
DA:42,1
DA:46,63696
DA:47,63696
DA:49,63696
DA:54,1
DA:55,1
DA:57,1
DA:62,63696
DA:68,63696
DA:69,63696
DA:71,63696
DA:72,63696
DA:73,63696
DA:74,63696
DA:75,63696
DA:76,63696
DA:82,1
DA:83,0
DA:84,0
DA:85,0
DA:87,16652
DA:88,0
DA:91,1
DA:94,1
DA:95,1
DA:96,1
DA:99,16652
DA:100,16652
DA:101,16652
DA:102,16652
DA:104,16652
DA:105,0
DA:108,16652
DA:109,16652
DA:110,16652
DA:118,16652
DA:122,0
DA:123,0
DA:125,0
DA:133,1
DA:136,16824
DA:137,16824
DA:141,16743
DA:142,16743
DA:143,16743
DA:144,16743
DA:145,16743
DA:149,13477
DA:154,13477
DA:163,16652
DA:164,16652
DA:166,16652
DA:167,16652
DA:168,16652
DA:169,16652
DA:170,16652
DA:177,1
DA:179,16743
DA:183,13477
FN:39,admin
FNDA:1,admin
FN:46,implementation
FNDA:1,implementation
FN:53,upgradeTo
FNDA:1,upgradeTo
FN:67,_delegate
FNDA:1,_delegate
FN:90,mint
FNDA:1,mint
FN:94,approve
FNDA:1,approve
FN:99,transferFrom
FNDA:1,transferFrom
FN:136,owner
FNDA:1,owner
FN:140,initialize
FNDA:1,initialize
FN:153,changeDeployer
FNDA:1,changeDeployer
FN:157,proposeChainRegistration
FNDA:1,proposeChainRegistration
FN:178,hijack
FNDA:1,hijack
FN:182,changeDeployer
FNDA:1,changeDeployer
end_of_record
SF:C:/Users/vboxuser/Desktop/Repos/zklibreports/proof_harness/cat2_era_contracts_f1_chain_registrar_init_hijack/src/MedusaEraContractsF1ChainRegistrarInitHijackHarness.sol
DA:14,0
DA:15,0
DA:16,0
DA:17,0
DA:19,0
DA:20,0
DA:21,0
DA:24,1
DA:26,1
DA:27,1
DA:28,1
DA:29,1
DA:30,1
DA:32,1
DA:33,1
DA:34,1
DA:38,16782
DA:39,16782
DA:41,16743
DA:42,16743
DA:46,16824
DA:47,16824
DA:49,13477
DA:53,16674
DA:54,16674
DA:56,16652
DA:57,16652
DA:60,0
DA:61,0
FN:37,action_attacker_initialize
FNDA:1,action_attacker_initialize
FN:45,action_attacker_change_deployer
FNDA:1,action_attacker_change_deployer
FN:52,action_victim_propose_non_eth
FNDA:1,action_victim_propose_non_eth
FN:60,property_attacker_cannot_receive_proposer_topup
FNDA:0,property_attacker_cannot_receive_proposer_topup
end_of_record
