TN:
SF:C:/Users/vboxuser/Desktop/Repos/zklibreports/proof_harness/cat1_wormhole_f2_stale_guardian_governance/src/MedusaStaleGuardianGovernanceHarness.sol
DA:13,115
DA:14,2
DA:15,2
DA:16,4
DA:17,12
DA:19,0
DA:20,0
DA:21,0
DA:22,0
DA:24,0
DA:25,0
DA:26,0
DA:28,7
DA:29,43
DA:30,69
DA:31,62
DA:32,60
DA:34,51
DA:35,10
DA:37,51
DA:38,10
DA:40,51
DA:41,10
DA:45,6
DA:46,30
DA:50,1
DA:52,26
DA:55,23
DA:56,32
DA:57,71
DA:58,21
DA:62,23
DA:63,32
DA:64,69
DA:65,0
DA:69,23
DA:70,32
DA:71,69
DA:72,0
DA:77,0
DA:80,0
DA:82,0
DA:86,0
DA:89,0
DA:91,0
DA:95,0
DA:98,0
DA:100,0
DA:104,0
DA:107,0
DA:109,0
end_of_record

SF:C:/Users/vboxuser/Desktop/Repos/zklibreports/proof_harness/cat1_wormhole_f2_stale_guardian_governance/src/StaleGuardianGovernanceHarness.sol
DA:12,66
DA:13,33
DA:14,0
DA:15,0
DA:17,23
DA:18,38
DA:19,23
DA:22,22
DA:23,31
DA:24,21
DA:27,43
DA:30,6
DA:32,17
DA:34,34
DA:35,0
DA:38,4
DA:39,26
DA:40,24
DA:42,27
DA:45,20
DA:50,80
DA:51,0
DA:52,0
DA:53,0
DA:55,0
DA:56,0
DA:58,33
DA:63,11
DA:64,11
DA:65,7
DA:68,18
DA:69,9
DA:70,70
DA:72,27
DA:73,21
DA:74,68
DA:77,0
DA:78,0
DA:79,0
DA:81,0
DA:82,0
DA:87,70
DA:88,0
DA:89,0
DA:90,0
DA:92,0
DA:93,0
DA:95,33
DA:100,11
DA:101,11
DA:102,7
DA:105,25
DA:106,9
DA:107,70
DA:109,27
DA:110,13
DA:111,9
DA:112,31
DA:114,37
DA:115,21
DA:120,75
DA:121,0
DA:122,0
DA:123,0
DA:125,0
DA:126,0
DA:128,33
DA:133,11
DA:134,11
DA:135,7
DA:138,18
DA:139,9
DA:140,70
DA:142,27
DA:143,21
DA:144,68
DA:147,0
DA:148,0
DA:149,0
DA:151,0
DA:152,0
end_of_record

