TN:
SF:C:/Users/vboxuser/Desktop/Repos/zklibreports/proof_harness/cat1_wormhole_h2_reentrancy_replay_guard/src/MedusaReentrancyReplayHarness.sol
DA:12,1
DA:13,11
DA:15,0
DA:16,0
DA:17,0
DA:18,0
DA:20,0
DA:21,0
DA:22,0
DA:25,1
DA:26,1
DA:27,1
DA:28,1
DA:30,1
DA:31,1
DA:33,1
DA:34,1
DA:37,11
DA:38,11
DA:41,11
DA:42,11
DA:43,11
DA:47,8
DA:48,8
DA:50,8
DA:51,8
DA:52,8
DA:54,8
DA:55,8
DA:56,8
DA:61,3
DA:62,3
DA:64,3
DA:65,3
DA:66,3
DA:68,3
DA:69,3
DA:70,0
DA:78,0
DA:80,0
DA:87,0
DA:89,0
DA:96,0
DA:98,0
FN:37,_amount
FNDA:1,_amount
FN:41,_newVmHash
FNDA:1,_newVmHash
FN:46,action_bug_same_vm_reentry
FNDA:1,action_bug_same_vm_reentry
FN:60,action_guard_same_vm_reentry
FNDA:1,action_guard_same_vm_reentry
FN:75,property_bug_model_same_vm_reentry_should_not_double_redeem
FNDA:0,property_bug_model_same_vm_reentry_should_not_double_redeem
FN:84,property_guard_model_same_vm_reentry_should_not_double_redeem
FNDA:0,property_guard_model_same_vm_reentry_should_not_double_redeem
FN:93,echidna_guard_model_same_vm_reentry_should_not_double_redeem
FNDA:0,echidna_guard_model_same_vm_reentry_should_not_double_redeem
end_of_record
SF:C:/Users/vboxuser/Desktop/Repos/zklibreports/proof_harness/cat1_wormhole_h2_reentrancy_replay_guard/src/ReentrancyReplayHarness.sol
DA:23,0
DA:24,0
DA:25,0
DA:27,0
DA:29,0
DA:30,0
DA:32,0
DA:33,0
DA:34,0
DA:37,2
DA:38,2
DA:42,2
DA:45,2
DA:46,2
DA:47,2
DA:51,11
DA:52,11
DA:53,11
DA:56,19
DA:57,19
DA:58,19
DA:63,11
DA:65,11
DA:66,11
DA:67,11
DA:69,11
DA:72,11
DA:73,11
DA:77,30
DA:78,30
DA:80,30
DA:82,30
DA:84,30
DA:85,11
DA:87,11
DA:94,1
DA:95,0
DA:96,0
DA:97,8
DA:98,0
DA:101,8
DA:102,8
DA:111,8
DA:112,8
DA:113,8
DA:114,8
DA:115,8
DA:120,16
DA:121,16
DA:122,16
DA:123,16
DA:125,16
DA:127,16
DA:129,16
DA:131,16
DA:137,1
DA:138,0
DA:139,0
DA:140,3
DA:141,0
DA:144,3
DA:145,3
DA:154,3
DA:155,3
DA:156,3
DA:157,3
DA:158,3
DA:163,6
DA:164,6
DA:165,6
DA:166,3
DA:167,3
DA:169,3
DA:172,3
DA:173,3
FN:41,mint
FNDA:1,mint
FN:45,approve
FNDA:1,approve
FN:50,configureHook
FNDA:1,configureHook
FN:56,transfer
FNDA:1,transfer
FN:61,transferFrom
FNDA:1,transferFrom
FN:76,_move
FNDA:1,_move
FN:100,seed
FNDA:1,seed
FN:105,registerTransfer
FNDA:1,registerTransfer
FN:119,completeTransfer
FNDA:1,completeTransfer
FN:143,seed
FNDA:1,seed
FN:148,registerTransfer
FNDA:1,registerTransfer
FN:162,completeTransfer
FNDA:1,completeTransfer
end_of_record
