TN:
SF:C:/Users/vboxuser/Desktop/Repos/zklibreports/proof_harness/cat2_scroll_f1_scrollchain_init_hijack/src/EchidnaScrollF1ScrollChainInitHijackHarness.sol
DA:13,0
DA:14,0
DA:15,0
DA:17,0
DA:20,0
DA:21,0
DA:22,0
DA:23,0
DA:24,0
DA:25,0
DA:29,0
DA:32,0
DA:33,0
FN:28,action_attacker_initialize
FNDA:0,action_attacker_initialize
FN:32,echidna_non_admin_cannot_take_scrollchain_owner
FNDA:0,echidna_non_admin_cannot_take_scrollchain_owner
end_of_record
SF:C:/Users/vboxuser/Desktop/Repos/zklibreports/proof_harness/cat2_scroll_f1_scrollchain_init_hijack/src/MedusaScrollF1ScrollChainInitHijackHarness.sol
DA:13,0
DA:14,0
DA:15,0
DA:17,0
DA:18,0
DA:21,1
DA:22,1
DA:23,1
DA:24,1
DA:25,1
DA:26,1
DA:30,5
DA:31,5
DA:33,5
DA:34,5
DA:37,0
DA:38,0
FN:29,action_attacker_initialize
FNDA:1,action_attacker_initialize
FN:37,property_non_admin_cannot_take_scrollchain_owner
FNDA:0,property_non_admin_cannot_take_scrollchain_owner
end_of_record
SF:C:/Users/vboxuser/Desktop/Repos/zklibreports/proof_harness/cat2_scroll_f1_scrollchain_init_hijack/src/ScrollF1ScrollChainInitHijackHarness.sol
DA:15,5
DA:16,1
DA:22,1
DA:24,1
DA:28,1
DA:29,1
DA:31,1
DA:35,5
DA:36,5
DA:38,5
DA:43,1
DA:44,1
DA:46,1
DA:51,5
DA:57,5
DA:58,5
DA:60,5
DA:61,5
DA:62,5
DA:63,5
DA:64,5
DA:65,5
DA:84,1
DA:88,5
DA:89,5
DA:90,5
DA:91,5
DA:94,0
DA:95,0
DA:98,0
DA:99,0
DA:102,0
DA:103,0
DA:107,0
DA:108,0
DA:112,0
DA:113,0
DA:117,1
DA:119,5
DA:123,0
DA:127,0
FN:28,admin
FNDA:1,admin
FN:35,implementation
FNDA:1,implementation
FN:42,upgradeTo
FNDA:1,upgradeTo
FN:56,_delegate
FNDA:1,_delegate
FN:87,initialize
FNDA:1,initialize
FN:94,owner
FNDA:0,owner
FN:98,paused
FNDA:0,paused
FN:102,isSequencer
FNDA:0,isSequencer
FN:106,setPause
FNDA:0,setPause
FN:111,addSequencer
FNDA:0,addSequencer
FN:118,hijack
FNDA:1,hijack
FN:122,pauseSystem
FNDA:0,pauseSystem
FN:126,addSelfSequencer
FNDA:0,addSelfSequencer
end_of_record
