TN:
SF:C:/Users/vboxuser/Desktop/Repos/zklibreports/proof_harness/cat2_base_f1_initializer_hijack/src/BaseF1InitializerHijackHarness.sol
DA:13,11
DA:14,1
DA:20,1
DA:22,1
DA:26,1
DA:27,1
DA:29,1
DA:33,11
DA:34,11
DA:36,11
DA:41,1
DA:42,1
DA:44,1
DA:49,11
DA:55,11
DA:56,11
DA:58,11
DA:59,11
DA:60,11
DA:61,11
DA:62,11
DA:63,11
DA:73,0
DA:74,0
DA:75,0
DA:82,1
DA:83,1
DA:86,1
DA:93,11
DA:94,11
DA:95,11
DA:97,22
DA:98,11
DA:101,11
DA:102,11
DA:103,11
DA:106,0
DA:107,0
DA:110,0
DA:111,0
DA:115,0
DA:116,0
DA:118,0
DA:119,0
DA:120,0
DA:121,0
DA:122,0
DA:124,0
DA:125,0
DA:126,0
DA:130,0
DA:136,1
DA:138,11
DA:139,11
DA:140,11
DA:141,11
DA:142,11
FN:26,admin
FNDA:1,admin
FN:33,implementation
FNDA:1,implementation
FN:40,upgradeTo
FNDA:1,upgradeTo
FN:54,_delegate
FNDA:1,_delegate
FN:91,initialize
FNDA:1,initialize
FN:106,initializedVersion
FNDA:0,initializedVersion
FN:110,systemAddressesLength
FNDA:0,systemAddressesLength
FN:114,processFees
FNDA:0,processFees
FN:137,hijack
FNDA:1,hijack
end_of_record
SF:C:/Users/vboxuser/Desktop/Repos/zklibreports/proof_harness/cat2_base_f1_initializer_hijack/src/EchidnaBaseF1InitializerHijackHarness.sol
DA:13,0
DA:14,0
DA:15,0
DA:17,0
DA:20,0
DA:21,0
DA:23,0
DA:24,0
DA:25,0
DA:26,0
DA:28,0
DA:34,0
DA:37,0
DA:38,0
DA:39,0
DA:40,0
DA:42,0
FN:31,action_attacker_initialize
FNDA:0,action_attacker_initialize
FN:37,echidna_non_admin_cannot_take_first_system_address
FNDA:0,echidna_non_admin_cannot_take_first_system_address
end_of_record
SF:C:/Users/vboxuser/Desktop/Repos/zklibreports/proof_harness/cat2_base_f1_initializer_hijack/src/MedusaBaseF1InitializerHijackHarness.sol
DA:13,0
DA:14,0
DA:15,0
DA:17,0
DA:18,0
DA:20,0
DA:23,1
DA:24,1
DA:26,1
DA:27,1
DA:28,1
DA:29,1
DA:31,1
DA:35,11
DA:36,11
DA:38,11
DA:39,11
DA:43,0
DA:44,0
DA:45,0
DA:46,0
DA:48,0
FN:34,action_attacker_initialize
FNDA:1,action_attacker_initialize
FN:43,property_non_admin_cannot_take_first_system_address
FNDA:0,property_non_admin_cannot_take_first_system_address
end_of_record
