TN:
SF:C:/Users/vboxuser/Desktop/Repos/zklibreports/proof_harness/cat1_wormhole_f2_stale_guardian_governance/src/MedusaStaleGuardianGovernanceHarness.sol
DA:14,1
DA:15,121
DA:16,121
DA:17,121
DA:19,0
DA:20,0
DA:21,0
DA:22,0
DA:24,0
DA:25,0
DA:26,0
DA:29,1
DA:30,1
DA:31,1
DA:32,1
DA:34,1
DA:35,1
DA:37,1
DA:38,1
DA:40,1
DA:41,1
DA:45,121
DA:46,121
DA:50,121
DA:52,121
DA:56,38
DA:57,38
DA:58,15
DA:63,32
DA:64,32
DA:65,0
DA:70,51
DA:71,51
DA:72,0
DA:80,0
DA:82,0
DA:89,0
DA:91,0
DA:98,0
DA:100,0
DA:107,0
DA:109,0
FN:45,_staleVm
FNDA:1,_staleVm
FN:55,action_attemptBugUpgradeWithStaleSet
FNDA:1,action_attemptBugUpgradeWithStaleSet
FN:62,action_attemptCoreUpgradeWithStaleSet
FNDA:1,action_attemptCoreUpgradeWithStaleSet
FN:69,action_attemptFixedUpgradeWithStaleSet
FNDA:1,action_attemptFixedUpgradeWithStaleSet
FN:77,property_stale_set_must_not_authorize_bridge_governance
FNDA:0,property_stale_set_must_not_authorize_bridge_governance
FN:86,property_core_rejects_stale_guardian_set
FNDA:0,property_core_rejects_stale_guardian_set
FN:95,property_fixed_bridge_rejects_stale_guardian_set
FNDA:0,property_fixed_bridge_rejects_stale_guardian_set
FN:104,echidna_stale_set_must_not_authorize_bridge_governance
FNDA:0,echidna_stale_set_must_not_authorize_bridge_governance
end_of_record
SF:C:/Users/vboxuser/Desktop/Repos/zklibreports/proof_harness/cat1_wormhole_f2_stale_guardian_governance/src/StaleGuardianGovernanceHarness.sol
DA:12,1
DA:13,29
DA:14,0
DA:15,0
DA:18,2
DA:19,2
DA:23,1
DA:24,1
DA:30,121
DA:32,121
DA:34,121
DA:35,0
DA:39,121
DA:40,121
DA:42,77
DA:45,44
DA:51,0
DA:52,0
DA:53,0
DA:55,0
DA:56,0
DA:63,1
DA:64,1
DA:65,1
DA:69,32
DA:70,32
DA:72,32
DA:74,10
DA:77,0
DA:78,0
DA:79,0
DA:81,0
DA:82,0
DA:88,0
DA:89,0
DA:90,0
DA:92,0
DA:93,0
DA:100,1
DA:101,1
DA:102,1
DA:106,38
DA:107,38
DA:109,38
DA:110,15
DA:111,15
DA:112,15
DA:114,15
DA:115,15
DA:121,0
DA:122,0
DA:123,0
DA:125,0
DA:126,0
DA:133,1
DA:134,1
DA:135,1
DA:139,51
DA:140,51
DA:142,51
DA:144,19
DA:147,0
DA:148,0
DA:149,0
DA:151,0
DA:152,0
FN:17,setGuardianSet
FNDA:1,setGuardianSet
FN:22,setCurrentGuardianSetIndex
FNDA:1,setCurrentGuardianSetIndex
FN:27,parseAndVerifyVM
FNDA:1,parseAndVerifyVM
FN:68,submitContractUpgrade
FNDA:1,submitContractUpgrade
FN:105,upgrade
FNDA:1,upgrade
FN:138,upgrade
FNDA:1,upgrade
end_of_record
