TN:
SF:C:/Users/vboxuser/Desktop/Repos/zklibreports/proof_harness/cat2_taiko_f1_getbadge_boundary/src/EchidnaTaikoF1GetBadgeBoundaryHarness.sol
DA:7,61
DA:8,24
DA:9,9
DA:10,7
DA:13,0
DA:14,0
DA:15,0
DA:16,0
DA:18,0
DA:22,0
DA:23,0
DA:24,0
DA:27,0
DA:28,0
DA:30,0
end_of_record

SF:C:/Users/vboxuser/Desktop/Repos/zklibreports/proof_harness/cat2_taiko_f1_getbadge_boundary/src/TaikoF1GetBadgeBoundaryHarness.sol
DA:5,0
DA:34,41
DA:35,17
DA:36,120
DA:37,1
DA:38,17
DA:39,17
DA:43,4
DA:44,4
DA:47,0
DA:49,0
DA:50,0
DA:52,0
end_of_record

