TN:
SF:C:/Users/vboxuser/Desktop/Repos/zklibreports/proof_harness/cat2_linea_f1_reinitializer_dos/src/EchidnaLineaF1ReinitializerDosHarness.sol
DA:13,0
DA:14,0
DA:15,0
DA:18,0
DA:19,0
DA:20,0
DA:22,0
DA:23,0
DA:25,0
DA:29,0
DA:32,0
DA:33,0
FN:28,action_attacker_poison_genesis
FNDA:0,action_attacker_poison_genesis
FN:32,echidna_genesis_submission_path_remains_valid
FNDA:0,echidna_genesis_submission_path_remains_valid
end_of_record
SF:C:/Users/vboxuser/Desktop/Repos/zklibreports/proof_harness/cat2_linea_f1_reinitializer_dos/src/LineaF1ReinitializerDosHarness.sol
DA:16,9
DA:17,1
DA:23,1
DA:25,1
DA:29,1
DA:30,1
DA:32,1
DA:36,9
DA:37,9
DA:39,9
DA:44,1
DA:45,1
DA:47,1
DA:52,9
DA:58,9
DA:59,9
DA:61,9
DA:62,9
DA:63,9
DA:64,9
DA:65,9
DA:66,9
DA:76,4
DA:82,4
DA:88,0
DA:89,0
DA:90,0
DA:91,0
DA:101,1
DA:105,1
DA:106,1
DA:111,4
DA:112,4
DA:117,1
DA:121,1
DA:122,1
DA:123,1
DA:124,1
DA:131,4
DA:132,4
DA:133,8
DA:134,4
DA:136,4
DA:140,0
DA:141,0
DA:142,0
DA:144,0
DA:151,0
DA:152,0
DA:160,0
DA:162,0
DA:163,0
DA:166,0
DA:167,0
DA:169,0
DA:170,0
DA:172,0
DA:176,1
DA:178,4
DA:179,4
DA:180,4
DA:181,4
DA:182,4
FN:29,admin
FNDA:1,admin
FN:36,implementation
FNDA:1,implementation
FN:43,upgradeTo
FNDA:1,upgradeTo
FN:57,_delegate
FNDA:1,_delegate
FN:116,_disableInitializers
FNDA:1,_disableInitializers
FN:120,initialize
FNDA:1,initialize
FN:128,initializeParentShnarfsAndFinalizedState
FNDA:1,initializeParentShnarfsAndFinalizedState
FN:139,submitData
FNDA:0,submitData
FN:147,canSubmitData
FNDA:0,canSubmitData
FN:155,_isValidSubmission
FNDA:0,_isValidSubmission
FN:177,poisonGenesis
FNDA:1,poisonGenesis
end_of_record
SF:C:/Users/vboxuser/Desktop/Repos/zklibreports/proof_harness/cat2_linea_f1_reinitializer_dos/src/MedusaLineaF1ReinitializerDosHarness.sol
DA:13,0
DA:14,0
DA:15,0
DA:18,1
DA:19,1
DA:20,1
DA:22,1
DA:23,1
DA:25,1
DA:29,4
DA:32,0
DA:33,0
FN:28,action_attacker_poison_genesis
FNDA:1,action_attacker_poison_genesis
FN:32,property_genesis_submission_path_remains_valid
FNDA:0,property_genesis_submission_path_remains_valid
end_of_record
