TN:
SF:C:/Users/vboxuser/Desktop/Repos/zklibreports/proof_harness/cat2_mantle_f3_operator_gate/src/EchidnaMantleHarnesses.sol
DA:1,0
DA:10,46
DA:11,0
DA:12,0
DA:13,0
DA:15,23
DA:16,21
DA:17,21
DA:18,18
DA:25,80
DA:26,0
DA:27,0
DA:28,0
DA:30,0
DA:31,0
DA:33,7
DA:34,43
DA:35,43
DA:37,30
DA:38,21
DA:40,84
DA:41,72
DA:44,8
DA:45,73
DA:48,8
DA:49,73
DA:52,0
DA:53,0
DA:60,0
DA:61,0
DA:62,0
DA:63,0
DA:65,0
DA:66,0
DA:67,0
DA:68,0
DA:69,0
DA:71,0
DA:72,0
DA:74,0
DA:75,0
DA:76,0
DA:78,0
DA:79,0
DA:80,0
DA:81,0
DA:82,0
DA:84,0
DA:85,0
DA:87,0
DA:88,0
DA:89,0
DA:92,0
DA:93,0
DA:94,0
DA:97,0
DA:98,0
DA:99,0
DA:101,0
DA:102,0
DA:105,0
DA:106,0
DA:107,0
DA:109,0
end_of_record

SF:C:/Users/vboxuser/Desktop/Repos/zklibreports/proof_harness/cat2_mantle_f3_operator_gate/src/MantleF3Harness.sol
DA:10,0
DA:16,0
DA:17,0
DA:18,0
DA:20,0
DA:21,0
DA:22,0
DA:25,0
DA:26,0
DA:27,0
DA:28,0
DA:29,0
DA:33,0
DA:34,0
DA:39,0
DA:40,0
DA:41,0
DA:42,0
DA:43,0
DA:46,0
DA:47,0
DA:48,0
DA:51,0
DA:54,0
DA:55,0
DA:56,0
DA:57,0
DA:59,0
DA:60,0
DA:62,0
DA:67,62
DA:68,0
DA:69,0
DA:70,0
DA:71,0
DA:74,19
DA:75,19
DA:76,1
DA:79,33
DA:80,21
DA:81,21
DA:82,21
DA:86,22
DA:87,21
DA:90,22
DA:91,20
DA:93,30
DA:94,5
DA:95,83
DA:96,2
DA:98,30
DA:101,83
DA:105,41
DA:106,23
DA:107,52
end_of_record

