TN:
SF:C:/Users/vboxuser/Desktop/Repos/zklibreports/proof_harness/cat1_nomad_f1_stale_replica/src/MedusaTokenRegistryAliasHarness.sol
DA:1,0
DA:14,125
DA:15,6
DA:16,2
DA:18,0
DA:19,0
DA:20,0
DA:21,0
DA:22,0
DA:23,0
DA:24,0
DA:26,0
DA:27,0
DA:28,0
DA:29,0
DA:30,0
DA:31,0
DA:32,0
DA:34,0
DA:35,0
DA:36,0
DA:37,0
DA:39,0
DA:40,0
DA:41,0
DA:43,8
DA:44,49
DA:45,49
DA:46,59
DA:47,60
DA:48,72
DA:49,72
DA:51,49
DA:52,49
DA:53,60
DA:54,49
DA:55,11
DA:57,72
DA:58,72
DA:60,43
DA:61,43
DA:62,43
DA:63,43
DA:65,24
DA:66,24
DA:67,24
DA:68,24
DA:70,60
DA:71,60
DA:73,75
DA:74,75
DA:76,63
DA:77,13
DA:79,5
DA:80,62
DA:82,2
DA:83,11
DA:86,0
DA:88,21
DA:91,4
DA:92,74
DA:93,74
DA:94,74
DA:95,74
DA:97,64
DA:98,64
DA:99,90
DA:100,90
DA:103,6
DA:104,7
DA:107,6
DA:108,17
DA:111,25
DA:112,10
DA:113,79
DA:114,79
DA:116,81
DA:117,83
DA:118,79
DA:119,79
DA:120,30
DA:121,21
DA:127,25
DA:128,10
DA:129,79
DA:131,14
DA:132,0
DA:133,0
DA:136,81
DA:137,82
DA:138,79
DA:139,7
DA:140,0
DA:143,0
DA:146,0
DA:151,0
DA:154,0
DA:156,0
DA:160,0
DA:163,0
DA:165,0
DA:169,0
DA:172,0
DA:174,0
end_of_record

SF:C:/Users/vboxuser/Desktop/Repos/zklibreports/proof_harness/cat1_nomad_f1_stale_replica/src/TokenRegistryAliasSwapHarness.sol
DA:16,87
DA:17,0
DA:18,0
DA:19,0
DA:21,51
DA:22,0
DA:24,23
DA:25,36
DA:28,0
DA:29,0
DA:30,0
DA:32,0
DA:36,40
DA:37,40
DA:38,3
DA:41,40
DA:42,22
DA:43,7
DA:45,25
DA:47,36
DA:48,4
DA:51,40
DA:53,1
DA:55,39
DA:56,7
DA:57,22
DA:58,7
DA:60,42
DA:61,25
DA:63,36
DA:64,5
DA:69,79
DA:70,0
DA:72,0
DA:73,0
DA:75,31
DA:76,11
DA:80,20
DA:84,23
DA:85,36
DA:88,24
DA:89,22
DA:90,7
DA:92,25
DA:96,0
DA:97,0
DA:98,0
DA:101,0
DA:102,0
DA:103,0
DA:105,0
DA:107,0
DA:108,0
DA:111,0
DA:113,0
DA:115,0
DA:116,0
DA:117,0
DA:118,0
DA:120,0
DA:121,0
DA:123,0
DA:124,0
DA:134,0
DA:136,0
DA:137,0
DA:139,1
DA:140,11
DA:143,6
DA:146,1
DA:148,33
DA:151,5
DA:156,72
DA:157,1
DA:158,1
DA:162,5
DA:167,39
DA:174,6
DA:177,1
DA:179,31
DA:182,6
DA:185,1
DA:187,13
DA:188,5
DA:190,8
DA:194,39
DA:196,1
DA:198,8
DA:199,10
DA:200,0
DA:201,0
DA:202,0
DA:203,0
DA:204,0
DA:205,0
DA:209,39
DA:212,2
DA:213,1
DA:214,41
DA:215,18
DA:216,14
DA:217,3
DA:218,7
DA:220,6
DA:221,6
DA:225,40
DA:226,42
DA:227,1
DA:229,4
DA:231,7
DA:236,99
DA:237,32
DA:239,24
DA:243,7
DA:244,7
DA:249,99
DA:250,32
DA:252,24
DA:255,1
DA:256,41
DA:257,18
DA:258,11
DA:259,21
DA:260,22
DA:264,7
DA:265,7
DA:270,99
DA:271,0
DA:272,0
DA:274,0
DA:276,31
DA:277,11
DA:280,22
DA:281,21
DA:284,23
DA:285,54
DA:286,36
DA:289,26
DA:290,6
DA:291,19
DA:293,73
DA:294,3
DA:295,68
DA:296,3
DA:300,36
DA:302,54
DA:305,72
DA:306,67
DA:309,25
DA:314,1
DA:315,19
DA:316,72
DA:317,74
DA:318,22
DA:319,7
DA:321,25
DA:323,3
DA:324,69
DA:328,54
end_of_record

