TN:
SF:C:/Users/vboxuser/Desktop/Repos/zklibreports/proof_harness/cat2_optimism_f1_protocol_versions_init_hijack/src/EchidnaOptimismF1ProtocolVersionsInitHijackHarness.sol
DA:13,0
DA:14,0
DA:15,0
DA:17,0
DA:20,0
DA:22,0
DA:23,0
DA:24,0
DA:25,0
DA:26,0
DA:30,0
DA:33,0
DA:34,0
FN:29,action_attacker_initialize
FNDA:0,action_attacker_initialize
FN:33,echidna_non_admin_cannot_take_protocol_owner
FNDA:0,echidna_non_admin_cannot_take_protocol_owner
end_of_record
SF:C:/Users/vboxuser/Desktop/Repos/zklibreports/proof_harness/cat2_optimism_f1_protocol_versions_init_hijack/src/MedusaOptimismF1ProtocolVersionsInitHijackHarness.sol
DA:13,0
DA:14,0
DA:15,0
DA:17,0
DA:18,0
DA:21,1
DA:23,1
DA:24,1
DA:25,1
DA:26,1
DA:27,1
DA:31,4
DA:32,4
DA:34,4
DA:35,4
DA:38,0
DA:39,0
FN:30,action_attacker_initialize
FNDA:1,action_attacker_initialize
FN:38,property_non_admin_cannot_take_protocol_owner
FNDA:0,property_non_admin_cannot_take_protocol_owner
end_of_record
SF:C:/Users/vboxuser/Desktop/Repos/zklibreports/proof_harness/cat2_optimism_f1_protocol_versions_init_hijack/src/OptimismF1ProtocolVersionsInitHijackHarness.sol
DA:16,4
DA:17,1
DA:23,1
DA:25,1
DA:29,1
DA:30,1
DA:32,1
DA:36,4
DA:37,4
DA:39,4
DA:44,1
DA:45,1
DA:47,1
DA:52,4
DA:58,4
DA:59,4
DA:61,4
DA:62,4
DA:63,4
DA:64,4
DA:65,4
DA:66,4
DA:85,1
DA:89,4
DA:90,4
DA:91,4
DA:92,4
DA:93,4
DA:94,4
DA:97,0
DA:98,0
DA:101,0
DA:102,0
DA:105,0
DA:106,0
DA:110,0
DA:111,0
DA:115,0
DA:116,0
DA:121,1
DA:123,4
DA:127,0
FN:29,admin
FNDA:1,admin
FN:36,implementation
FNDA:1,implementation
FN:43,upgradeTo
FNDA:1,upgradeTo
FN:57,_delegate
FNDA:1,_delegate
FN:88,initialize
FNDA:1,initialize
FN:97,owner
FNDA:0,owner
FN:101,required
FNDA:0,required
FN:105,recommended
FNDA:0,recommended
FN:109,setRequired
FNDA:0,setRequired
FN:114,setRecommended
FNDA:0,setRecommended
FN:122,hijack
FNDA:1,hijack
FN:126,mutateRequired
FNDA:0,mutateRequired
end_of_record
