TN:
SF:C:/Users/vboxuser/Desktop/Repos/zklibreports/proof_harness/cat2_mantle_f3_operator_gate/src/EchidnaMantleHarnesses.sol
DA:1,0
DA:10,0
DA:11,0
DA:12,0
DA:13,0
DA:15,0
DA:16,0
DA:17,0
DA:18,0
DA:25,0
DA:26,0
DA:27,0
DA:28,0
DA:30,0
DA:31,0
DA:33,0
DA:34,0
DA:35,0
DA:37,0
DA:38,0
DA:40,0
DA:41,0
DA:44,0
DA:45,0
DA:48,0
DA:49,0
DA:52,0
DA:53,0
DA:60,94
DA:61,0
DA:62,0
DA:63,0
DA:65,0
DA:66,0
DA:67,0
DA:68,0
DA:69,0
DA:71,0
DA:72,0
DA:74,7
DA:75,43
DA:76,43
DA:78,31
DA:79,21
DA:80,21
DA:81,21
DA:82,21
DA:84,83
DA:85,83
DA:87,83
DA:88,95
DA:89,72
DA:92,22
DA:93,21
DA:94,76
DA:97,9
DA:98,12
DA:99,1
DA:101,83
DA:102,21
DA:105,0
DA:106,0
DA:107,0
DA:109,0
end_of_record

SF:C:/Users/vboxuser/Desktop/Repos/zklibreports/proof_harness/cat2_mantle_f3_operator_gate/src/MantleF3Harness.sol
DA:10,66
DA:16,0
DA:17,0
DA:18,0
DA:20,23
DA:21,38
DA:22,40
DA:25,26
DA:26,31
DA:27,31
DA:28,40
DA:29,40
DA:33,37
DA:34,19
DA:39,26
DA:40,31
DA:41,31
DA:42,33
DA:43,0
DA:46,9
DA:47,10
DA:48,0
DA:51,21
DA:54,7
DA:55,33
DA:56,10
DA:57,0
DA:59,39
DA:60,0
DA:62,4
DA:67,62
DA:68,0
DA:69,0
DA:70,0
DA:71,0
DA:74,19
DA:75,19
DA:76,1
DA:79,33
DA:80,21
DA:81,21
DA:82,21
DA:86,22
DA:87,21
DA:90,22
DA:91,20
DA:93,30
DA:94,0
DA:95,0
DA:96,0
DA:98,0
DA:101,90
DA:105,41
DA:106,23
DA:107,59
end_of_record

