TN:
SF:C:/Users/vboxuser/Desktop/Repos/zklibreports/proof_harness/cat1_wormhole_f1_metadata_dos/src/BridgeMetadataCompatHarness.sol
DA:5,70
DA:6,0
DA:7,0
DA:9,23
DA:10,36
DA:13,0
DA:14,0
DA:15,0
DA:18,0
DA:19,0
DA:20,0
DA:22,0
DA:24,0
DA:25,0
DA:28,0
DA:30,0
DA:32,0
DA:33,0
DA:34,0
DA:35,0
DA:37,0
DA:38,0
DA:40,0
DA:41,0
DA:46,46
DA:47,0
DA:48,0
DA:51,0
DA:52,0
DA:55,0
DA:56,0
DA:62,46
DA:63,18
DA:66,3
DA:68,4
DA:69,74
DA:70,4
DA:71,74
DA:72,4
DA:73,74
DA:75,14
DA:76,0
DA:77,0
DA:79,0
DA:80,0
DA:81,0
DA:85,18
DA:88,1
DA:89,0
DA:90,4
DA:91,74
DA:92,15
DA:93,0
DA:96,0
DA:99,0
DA:101,0
DA:102,0
DA:104,0
DA:107,0
DA:110,0
DA:112,0
DA:113,0
DA:115,0
DA:121,51
DA:122,2
DA:124,42
DA:127,3
DA:129,7
DA:130,7
DA:131,7
DA:134,39
DA:137,1
DA:138,1
DA:139,8
DA:140,13
DA:143,7
DA:144,6
DA:145,74
DA:146,16
DA:147,0
DA:150,7
DA:151,6
DA:152,74
DA:153,15
DA:154,0
DA:156,0
DA:159,0
DA:163,7
DA:164,6
DA:165,74
DA:166,15
DA:167,0
DA:169,0
DA:172,0
DA:176,0
DA:177,0
DA:180,7
DA:183,1
DA:185,8
DA:186,26
DA:188,0
DA:191,7
DA:194,1
DA:196,8
DA:197,26
DA:199,0
end_of_record

SF:C:/Users/vboxuser/Desktop/Repos/zklibreports/proof_harness/cat1_wormhole_f1_metadata_dos/src/MedusaBridgeMetadataCompatHarness.sol
DA:12,136
DA:13,0
DA:14,0
DA:15,0
DA:16,0
DA:18,0
DA:19,0
DA:20,0
DA:22,7
DA:23,43
DA:24,43
DA:25,43
DA:26,43
DA:27,64
DA:28,64
DA:31,6
DA:32,17
DA:35,8
DA:36,65
DA:39,21
DA:43,23
DA:44,10
DA:45,67
DA:48,21
DA:52,23
DA:53,10
DA:54,94
DA:55,94
DA:58,0
DA:61,0
DA:65,0
DA:66,0
DA:68,0
DA:69,0
DA:71,0
DA:72,0
DA:77,0
DA:80,0
DA:82,0
DA:86,0
DA:89,0
DA:91,0
DA:95,0
DA:98,0
DA:100,0
DA:104,0
DA:107,0
DA:109,0
end_of_record

